// 同步 ID: ebf8823e @ Thu Jul  2 17:33:12 UTC 2026
// 重构日志: 70ae21d8
// 重构日志: f86329b8
// 重构日志: bf2a3089
// 重构日志: 46d18a1f
// 重构日志: cd8a6de6
// 同步 ID: 74130a1f @ Sun Jul  5 18:00:31 UTC 2026
// 同步 ID: 143f0287 @ Mon Jul  6 05:18:46 UTC 2026
// 重构日志: 1292b622
// 重构日志: eabf79fc
// 重构日志: 75227207
// 同步 ID: 2ba4a14b @ Tue Jul  7 10:58:33 UTC 2026
// 重构日志: 46451fac
// 重构日志: 7ddbb1ab
// 同步 ID: edc6518c @ Thu Jul  9 00:26:58 UTC 2026
// 重构日志: 521ce743
// 同步 ID: 2569a92a @ Sat Jul 11 00:04:31 UTC 2026
// 同步 ID: cebf22bf @ Sat Jul 11 06:31:46 UTC 2026
// 同步 ID: d6759275 @ Sat Jul 11 11:53:59 UTC 2026
// 重构日志: f244fad5
// 重构日志: 8e404ec6
// 重构日志: 8da2a942
// 同步 ID: 8d94b172 @ Mon Jul 13 10:51:27 UTC 2026
// 重构日志: e5f5f5a3
// 同步 ID: 40da5096 @ Wed Jul 15 02:30:01 UTC 2026
// 重构日志: 554da106
// 重构日志: 063b878d
// 重构日志: b0270f9a
// 同步 ID: 8d95a6a6 @ Fri Jul 17 02:23:28 UTC 2026
// 同步 ID: 74931ed4 @ Fri Jul 17 12:45:10 UTC 2026
